toto
yolo
yolo
toto
yolo
yolo
yolo!!!
yolo!!!
toto
yolo
yolo
yolo!!!
yolo!!!
toto
yolo
yolo
houlalal
houlalal
houlalal
houlalal
toto
yolo
yolo
yolo!!!
yolo!!!
houlalal
houlalal
yolo!!!
yolo!!!
houlalal
houlalal
houlalal
Tue Feb 10 15:37:39 CET 2015//debug//houlalal
houlalal
Thu Feb 26 15:11:23 CET 2015//debug//houlalal
houlalal
Thu Feb 26 15:11:28 CET 2015//debug//houlalal
houlalal
Thu Feb 26 15:12:45 CET 2015//debug//houlalal
houlalal
Thu Feb 26 15:13:00 CET 2015//debug//houlalal
houlalal
Thu Feb 26 15:31:48 CET 2015//debug//houlalal
houlalal
Thu Feb 26 15:31:51 CET 2015//debug//houlalal
